<?xml version="1.0" encoding="UTF-8"?>
<!-- Generated by org.testng.reporters.JUnitXMLReporter -->
<testsuite hostname="ROBPC-PC" ignored="2" name="Default test" tests="2" failures="0" timestamp="08 dic 2017 21:16:25 GMT" time="59.139" errors="0">
  <testcase name="testFlightSearchResultsPage" time="59.091" classname="com.automation.homework.test.TestPuntoUno"/>
  <testcase name="testFlightPlusHotelResultsPage" time="0.001" classname="com.automation.homework.test.TestPuntoDos"/>
  <testcase name="@BeforeSuite beforeSuite" time="0.0" classname="com.automation.homework.test.BaseTest">
    <ignored/>
  </testcase> <!-- @BeforeSuite beforeSuite -->
  <testcase name="@AfterSuite afterSuite" time="0.0" classname="com.automation.homework.test.BaseTest">
    <ignored/>
  </testcase> <!-- @AfterSuite afterSuite -->
</testsuite> <!-- Default test -->
