<?xml version="1.0" encoding="UTF-8"?>
<testng-results skipped="0" failed="0" total="8" passed="8">
  <reporter-output>
  </reporter-output>
  <suite name="My test suite" duration-ms="86" started-at="2017-10-19T08:34:18Z" finished-at="2017-10-19T08:34:18Z">
    <groups>
      <group name="Regression">
        <method signature="MyHomework.TestConcatenar(java.lang.String, java.lang.String, java.lang.String)[pri:0, instance:com.automation.training.MyHomework@224edc67]" name="TestConcatenar" class="com.automation.training.MyHomework"/>
        <method signature="MyHomework.TestMultiplicarNumeros(java.lang.Integer, java.lang.Integer)[pri:0, instance:com.automation.training.MyHomework@224edc67]" name="TestMultiplicarNumeros" class="com.automation.training.MyHomework"/>
      </group> <!-- Regression -->
      <group name="Smoke">
        <method signature="MyHomework.TestConcatenar(java.lang.String, java.lang.String, java.lang.String)[pri:0, instance:com.automation.training.MyHomework@224edc67]" name="TestConcatenar" class="com.automation.training.MyHomework"/>
        <method signature="MyHomework.TestGenerarFecha(java.lang.String)[pri:0, instance:com.automation.training.MyHomework@224edc67]" name="TestGenerarFecha" class="com.automation.training.MyHomework"/>
        <method signature="MyHomework.TestMultiplicarNumeros(java.lang.Integer, java.lang.Integer)[pri:0, instance:com.automation.training.MyHomework@224edc67]" name="TestMultiplicarNumeros" class="com.automation.training.MyHomework"/>
      </group> <!-- Smoke -->
    </groups>
    <test name="My third test" duration-ms="86" started-at="2017-10-19T08:34:18Z" finished-at="2017-10-19T08:34:18Z">
      <class name="com.automation.training.MyHomework">
        <test-method status="PASS" signature="TestConcatenar(java.lang.String, java.lang.String, java.lang.String)[pri:0, instance:com.automation.training.MyHomework@224edc67]" name="TestConcatenar" duration-ms="14" started-at="2017-10-19T03:34:18Z" data-provider="test2" finished-at="2017-10-19T03:34:18Z">
          <params>
            <param index="0">
              <value>
                <![CDATA[Esta es la ]]>
              </value>
            </param>
            <param index="1">
              <value>
                <![CDATA[Historia de]]>
              </value>
            </param>
            <param index="2">
              <value>
                <![CDATA[ un programa muy bacano]]>
              </value>
            </param>
          </params>
          <reporter-output>
          </reporter-output>
        </test-method> <!-- TestConcatenar -->
        <test-method status="PASS" signature="TestConcatenar(java.lang.String, java.lang.String, java.lang.String)[pri:0, instance:com.automation.training.MyHomework@224edc67]" name="TestConcatenar" duration-ms="3" started-at="2017-10-19T03:34:18Z" data-provider="test2" finished-at="2017-10-19T03:34:18Z">
          <params>
            <param index="0">
              <value>
                <![CDATA[que funcionaba a las mil ]]>
              </value>
            </param>
            <param index="1">
              <value>
                <![CDATA[maravillas pero un dia]]>
              </value>
            </param>
            <param index="2">
              <value>
                <![CDATA[ se toteo]]>
              </value>
            </param>
          </params>
          <reporter-output>
          </reporter-output>
        </test-method> <!-- TestConcatenar -->
        <test-method status="PASS" signature="TestConcatenar(java.lang.String, java.lang.String, java.lang.String)[pri:0, instance:com.automation.training.MyHomework@224edc67]" name="TestConcatenar" duration-ms="3" started-at="2017-10-19T03:34:18Z" data-provider="test2" finished-at="2017-10-19T03:34:18Z">
          <params>
            <param index="0">
              <value>
                <![CDATA[porque se toteo?]]>
              </value>
            </param>
            <param index="1">
              <value>
                <![CDATA[ Quien sabe, quiza fue un punto]]>
              </value>
            </param>
            <param index="2">
              <value>
                <![CDATA[ y coma]]>
              </value>
            </param>
          </params>
          <reporter-output>
          </reporter-output>
        </test-method> <!-- TestConcatenar -->
        <test-method status="PASS" signature="TestConcatenar(java.lang.String, java.lang.String, java.lang.String)[pri:0, instance:com.automation.training.MyHomework@224edc67]" name="TestConcatenar" duration-ms="13" started-at="2017-10-19T03:34:18Z" data-provider="test2" finished-at="2017-10-19T03:34:18Z">
          <params>
            <param index="0">
              <value>
                <![CDATA[como asi??]]>
              </value>
            </param>
            <param index="1">
              <value>
                <![CDATA[ me pregunte:]]>
              </value>
            </param>
            <param index="2">
              <value>
                <![CDATA[ de quien fue la culpa?]]>
              </value>
            </param>
          </params>
          <reporter-output>
          </reporter-output>
        </test-method> <!-- TestConcatenar -->
        <test-method status="PASS" signature="TestGenerarFecha(java.lang.String)[pri:0, instance:com.automation.training.MyHomework@224edc67]" name="TestGenerarFecha" duration-ms="3" started-at="2017-10-19T03:34:18Z" finished-at="2017-10-19T03:34:18Z">
          <params>
            <param index="0">
              <value>
                <![CDATA[2017-10-19]]>
              </value>
            </param>
          </params>
          <reporter-output>
          </reporter-output>
        </test-method> <!-- TestGenerarFecha -->
        <test-method status="PASS" signature="TestMultiplicarNumeros(java.lang.Integer, java.lang.Integer)[pri:0, instance:com.automation.training.MyHomework@224edc67]" name="TestMultiplicarNumeros" duration-ms="2" started-at="2017-10-19T03:34:18Z" data-provider="test1" finished-at="2017-10-19T03:34:18Z">
          <params>
            <param index="0">
              <value>
                <![CDATA[2]]>
              </value>
            </param>
            <param index="1">
              <value>
                <![CDATA[3]]>
              </value>
            </param>
          </params>
          <reporter-output>
          </reporter-output>
        </test-method> <!-- TestMultiplicarNumeros -->
        <test-method status="PASS" signature="TestMultiplicarNumeros(java.lang.Integer, java.lang.Integer)[pri:0, instance:com.automation.training.MyHomework@224edc67]" name="TestMultiplicarNumeros" duration-ms="2" started-at="2017-10-19T03:34:18Z" data-provider="test1" finished-at="2017-10-19T03:34:18Z">
          <params>
            <param index="0">
              <value>
                <![CDATA[4]]>
              </value>
            </param>
            <param index="1">
              <value>
                <![CDATA[5]]>
              </value>
            </param>
          </params>
          <reporter-output>
          </reporter-output>
        </test-method> <!-- TestMultiplicarNumeros -->
        <test-method status="PASS" signature="TestMultiplicarNumeros(java.lang.Integer, java.lang.Integer)[pri:0, instance:com.automation.training.MyHomework@224edc67]" name="TestMultiplicarNumeros" duration-ms="2" started-at="2017-10-19T03:34:18Z" data-provider="test1" finished-at="2017-10-19T03:34:18Z">
          <params>
            <param index="0">
              <value>
                <![CDATA[6]]>
              </value>
            </param>
            <param index="1">
              <value>
                <![CDATA[7]]>
              </value>
            </param>
          </params>
          <reporter-output>
          </reporter-output>
        </test-method> <!-- TestMultiplicarNumeros -->
      </class> <!-- com.automation.training.MyHomework -->
    </test> <!-- My third test -->
  </suite> <!-- My test suite -->
</testng-results>
