<?xml version="1.0" encoding="UTF-8"?>
<testng-results skipped="0" failed="0" total="2" passed="2">
  <reporter-output>
  </reporter-output>
  <suite name="My test suite 3" duration-ms="20181" started-at="2017-11-05T22:30:37Z" finished-at="2017-11-05T22:30:57Z">
    <groups>
      <group name="Smoke">
        <method signature="MyHomework.TestGenerarFecha(java.lang.String)[pri:0, instance:com.automation.training.MyHomework@224edc67]" name="TestGenerarFecha" class="com.automation.training.MyHomework"/>
        <method signature="MyHomework.TestMultiplicacion2(java.lang.String, java.lang.String)[pri:0, instance:com.automation.training.MyHomework@224edc67]" name="TestMultiplicacion2" class="com.automation.training.MyHomework"/>
      </group> <!-- Smoke -->
    </groups>
    <test name="My third test" duration-ms="20181" started-at="2017-11-05T22:30:37Z" finished-at="2017-11-05T22:30:57Z">
      <class name="com.automation.training.MyHomework">
        <test-method status="PASS" signature="TestGenerarFecha(java.lang.String)[pri:0, instance:com.automation.training.MyHomework@224edc67]" name="TestGenerarFecha" duration-ms="16" started-at="2017-11-05T17:30:37Z" finished-at="2017-11-05T17:30:37Z">
          <params>
            <param index="0">
              <value>
                <![CDATA[2017-10-19]]>
              </value>
            </param>
          </params>
          <reporter-output>
          </reporter-output>
        </test-method> <!-- TestGenerarFecha -->
        <test-method status="PASS" signature="TestMultiplicacion2(java.lang.String, java.lang.String)[pri:0, instance:com.automation.training.MyHomework@224edc67]" name="TestMultiplicacion2" duration-ms="20101" started-at="2017-11-05T17:30:37Z" finished-at="2017-11-05T17:30:57Z">
          <params>
            <param index="0">
              <value>
                <![CDATA[AMBIENTE1]]>
              </value>
            </param>
            <param index="1">
              <value>
                <![CDATA[AMBIENTE1]]>
              </value>
            </param>
          </params>
          <reporter-output>
          </reporter-output>
        </test-method> <!-- TestMultiplicacion2 -->
      </class> <!-- com.automation.training.MyHomework -->
    </test> <!-- My third test -->
  </suite> <!-- My test suite 3 -->
</testng-results>
