<?xml version="1.0" encoding="UTF-8"?>
<!-- Generated by org.testng.reporters.JUnitXMLReporter -->
<testsuite hostname="ROBPC-PC" ignored="2" name="Command line test" tests="1" failures="0" timestamp="26 nov 2017 19:24:41 GMT" time="0.035" errors="0">
  <testcase name="@BeforeSuite beforeSuite" time="0.0" classname="com.automation.homework.test.BaseTest">
    <failure type="org.testng.TestNGException" message="
Parameter &amp;apos;browser&amp;apos; is required by BeforeSuite on method beforeSuite but has not been marked @Optional or defined
">
      <![CDATA[org.testng.TestNGException: 
Parameter 'browser' is required by BeforeSuite on method beforeSuite but has not been marked @Optional or defined

... Removed 26 stack frames]]>
    </failure>
  </testcase> <!-- @BeforeSuite beforeSuite -->
  <testcase name="testFlightSearchHomePage" time="0.001" classname="com.automation.homework.test.TestPuntoUno">
    <skipped/>
  </testcase> <!-- testFlightSearchHomePage -->
  <testcase name="@BeforeSuite beforeSuite" time="0.0" classname="com.automation.homework.test.BaseTest">
    <ignored/>
  </testcase> <!-- @BeforeSuite beforeSuite -->
  <testcase name="@AfterSuite afterSuite" time="0.0" classname="com.automation.homework.test.BaseTest">
    <ignored/>
  </testcase> <!-- @AfterSuite afterSuite -->
</testsuite> <!-- Command line test -->
