<?xml version="1.0" encoding="UTF-8"?>
<testng-results skipped="0" failed="0" ignored="0" total="1" passed="1">
  <reporter-output>
  </reporter-output>
  <suite name="Default suite" duration-ms="26666" started-at="2017-12-08T20:50:44Z" finished-at="2017-12-08T20:51:11Z">
    <groups>
    </groups>
    <test name="Default test" duration-ms="26666" started-at="2017-12-08T20:50:44Z" finished-at="2017-12-08T20:51:11Z">
      <class name="com.automation.homework.test.TestPuntoDos">
        <test-method status="PASS" signature="beforeSuite(java.lang.String)[pri:0, instance:com.automation.homework.test.TestPuntoDos@66a3ffec]" name="beforeSuite" is-config="true" duration-ms="24365" started-at="2017-12-08T15:50:20Z" finished-at="2017-12-08T15:50:44Z">
          <params>
            <param index="0">
              <value>
                <![CDATA[firefox]]>
              </value>
            </param>
          </params>
          <reporter-output>
          </reporter-output>
        </test-method> <!-- beforeSuite -->
        <test-method status="PASS" signature="testFlightPlusHotelResultsPage()[pri:0, instance:com.automation.homework.test.TestPuntoDos@66a3ffec]" name="testFlightPlusHotelResultsPage" duration-ms="26627" started-at="2017-12-08T15:50:44Z" finished-at="2017-12-08T15:51:11Z">
          <reporter-output>
          </reporter-output>
        </test-method> <!-- testFlightPlusHotelResultsPage -->
        <test-method status="PASS" signature="afterSuite()[pri:0, instance:com.automation.homework.test.TestPuntoDos@66a3ffec]" name="afterSuite" is-config="true" duration-ms="908" started-at="2017-12-08T15:51:11Z" finished-at="2017-12-08T15:51:12Z">
          <reporter-output>
          </reporter-output>
        </test-method> <!-- afterSuite -->
      </class> <!-- com.automation.homework.test.TestPuntoDos -->
    </test> <!-- Default test -->
  </suite> <!-- Default suite -->
</testng-results>
