<?xml version="1.0" encoding="UTF-8"?>
<!-- Generated by org.testng.reporters.JUnitXMLReporter -->
<testsuite hostname="ROBPC-PC" name="Default test" tests="8" failures="0" timestamp="19 Oct 2017 07:24:27 GMT" time="0.081" errors="0">
  <testcase name="TestConcatenar" time="0.016" classname="com.automation.training.MyHomework"/>
  <testcase name="TestConcatenar" time="0.005" classname="com.automation.training.MyHomework"/>
  <testcase name="TestConcatenar" time="0.003" classname="com.automation.training.MyHomework"/>
  <testcase name="TestConcatenar" time="0.004" classname="com.automation.training.MyHomework"/>
  <testcase name="TestGenerarFecha" time="0.002" classname="com.automation.training.MyHomework">
    <skipped/>
  </testcase> <!-- TestGenerarFecha -->
  <testcase name="TestMultiplicarNumeros" time="0.002" classname="com.automation.training.MyHomework"/>
  <testcase name="TestMultiplicarNumeros" time="0.002" classname="com.automation.training.MyHomework"/>
  <testcase name="TestMultiplicarNumeros" time="0.002" classname="com.automation.training.MyHomework"/>
</testsuite> <!-- Default test -->
